<?xml version="1.0" encoding="UTF-8"?>
<!-- Generated by org.testng.reporters.JUnitXMLReporter -->
<testsuite ignored="0" hostname="P4ALAP-7172XY6" failures="1" tests="7" name="Test" time="61.983" errors="0" timestamp="2022-01-18T17:17:37 IST">
  <testcase classname="AllureCustomization.CustomizationAllure" name="validateTitle" time="0.301"/>
  <testcase classname="AllureCustomization.CustomizationAllure" name="validateBlogIsOpening" time="6.202"/>
  <testcase classname="AllureCustomization.CustomizationAllure" name="validateSkippingTest" time="0.022">
    <skipped/>
  </testcase> <!-- validateSkippingTest -->
  <testcase classname="AllureCustomization.CustomizationAllure" name="verifyHomeLink" time="0.063">
    <failure type="java.lang.AssertionError" message="expected [Create a maven project in eclipse] but found [HOOMEEPage]">
      <![CDATA[java.lang.AssertionError: expected [Create a maven project in eclipse] but found [HOOMEEPage]
at AllureCustomization.CustomizationAllure.verifyHomeLink(CustomizationAllure.java:106)
at java.base/java.util.ArrayList.forEach(ArrayList.java:1511)
... Removed 33 stack frames]]>
    </failure>
  </testcase> <!-- verifyHomeLink -->
  <testcase classname="AllureReporTestNGwithSelenium.AllureReporTestNGwithSelenium.AppTest" name="validateTitle" time="0.033"/>
  <testcase classname="AllureReporTestNGwithSelenium.AllureReporTestNGwithSelenium.AppTest" name="validateBlogIsOpening" time="4.421"/>
  <testcase classname="AllureReporTestNGwithSelenium.AllureReporTestNGwithSelenium.AppTest" name="validateSkippingTest" time="0.003">
    <skipped/>
  </testcase> <!-- validateSkippingTest -->
</testsuite> <!-- Test -->
